[2023-05-18T12:13:51.505722+02:00] chatSite.INFO: { message: 'POST 요청이 아닙니다.', location: 'user/auth-email.php'} [] []
[2023-05-18T12:14:18.529477+02:00] chatSite.INFO: { message: 'POST 요청이 아닙니다.', location: 'user/auth-email.php'} [] []
[2023-05-18T12:19:10.622769+02:00] chatSite.INFO: { message: 'POST 요청이 아닙니다.', location: 'user/auth-email.php'} [] []
[2023-05-18T12:19:15.235817+02:00] chatSite.INFO: { message: 'POST 요청이 아닙니다.', location: 'user/auth-email.php'} [] []
[2023-05-18T12:19:38.720808+02:00] chatSite.INFO: { message: 'POST 요청이 아닙니다.', location: 'user/auth-email.php'} [] []
[2023-05-18T13:34:25.437761+02:00] chatSite.INFO: { message: 'POST 요청이 아닙니다.', location: 'user/auth-email.php'} [] []
[2023-05-18T13:44:10.523888+02:00] chatSite.INFO: { message: '이메일 전송 완료.', location: 'user/auth-email.php'} [] []
[2023-05-18T13:44:32.094706+02:00] chatSite.INFO: { message: '이메일 전송 완료.', location: 'user/auth-email.php'} [] []
[2023-05-18T13:46:53.688945+02:00] chatSite.INFO: { code: '200', message: '이메일 전송 완료.', location: 'user/auth-email.php' } [] []
[2023-05-18T13:48:46.062038+02:00] chatSite.INFO: { code: '200', message: '이메일 전송 완료.', location: 'user/auth-email.php' } [] []
[2023-05-18T13:56:50.058279+02:00] chatSite.INFO: { code: '200', message: '이메일 전송 완료.' location: 'user/auth-email.php' } [] []
[2023-05-18T13:58:03.921107+02:00] chatSite.INFO: { message: 'DELETE 요청이 아닙니다.', location: 'user/emailAuthCode-sessionDestroy.php' } [] []
[2023-05-18T14:00:17.672700+02:00] chatSite.INFO: { message: 'DELETE 요청이 아닙니다.', location: 'user/emailAuthCode-sessionDestroy.php' } [] []
[2023-05-19T06:14:27.833409+02:00] chatSite.INFO: { code: '200', message: '이메일 전송 완료.', location: 'user/auth-email.php' } [] []
[2023-05-19T06:15:16.040205+02:00] chatSite.INFO: { message: '이름 혹은 이메일이 존재하지 않습니다.' location: 'user/auth-email.php' } [] []
[2023-05-19T06:15:17.041674+02:00] chatSite.INFO: { code: '200', message: '이메일 전송 완료.', location: 'user/auth-email.php' } [] []
[2023-05-19T06:15:26.516926+02:00] chatSite.INFO: { message: '이름 혹은 이메일이 존재하지 않습니다.' location: 'user/auth-email.php' } [] []
[2023-05-19T06:15:27.405994+02:00] chatSite.INFO: { code: '200', message: '이메일 전송 완료.', location: 'user/auth-email.php' } [] []
[2023-05-19T06:18:13.831089+02:00] chatSite.INFO: { message: '이름 혹은 이메일이 존재하지 않습니다.' location: 'user/auth-email.php' } [] []
[2023-05-19T06:18:14.906156+02:00] chatSite.INFO: { code: '200', message: '이메일 전송 완료.', location: 'user/auth-email.php' } [] []
[2023-05-19T06:20:21.150935+02:00] chatSite.INFO: { message: '이름 혹은 이메일이 존재하지 않습니다.' location: 'user/auth-email.php' } [] []
[2023-05-19T06:20:22.107975+02:00] chatSite.INFO: { code: '200', message: '이메일 전송 완료.', location: 'user/auth-email.php' } [] []
[2023-05-19T06:23:23.819167+02:00] chatSite.INFO: { code: '200', message: '이메일 인증 코드가 성공적으로 삭제되었습니다.', location: 'user/emailAuthCode-sessionDestroy.php' } [] []
[2023-05-19T07:06:44.827329+02:00] chatSite.INFO: { code: '200', message: '이메일 전송 완료.', location: 'user/auth-email.php' } [] []
[2023-05-19T07:07:24.956982+02:00] chatSite.INFO: { code: '200', message: '이메일 전송 완료.', location: 'user/auth-email.php' } [] []
[2023-05-19T07:10:26.837051+02:00] chatSite.INFO: { code: '200', message: '이메일 인증 코드가 성공적으로 삭제되었습니다.', location: 'user/emailAuthCode-sessionDestroy.php' } [] []
[2023-05-19T07:11:32.214514+02:00] chatSite.INFO: { code: '200', message: '이메일 전송 완료.', location: 'user/auth-email.php' } [] []
[2023-05-19T07:21:14.801744+02:00] chatSite.INFO: { code: '200', message: '이메일 전송 완료.', location: 'user/auth-email.php' } [] []
[2023-05-19T07:21:51.331517+02:00] chatSite.INFO: { code: '200', message: '이메일 전송 완료.', location: 'user/auth-email.php' } [] []
[2023-05-19T07:28:09.047392+02:00] chatSite.INFO: { code: '200', message: '이메일 전송 완료.', location: 'user/auth-email.php' } [] []
[2023-05-19T07:30:31.950239+02:00] chatSite.INFO: { code: '200', message: '이메일 전송 완료.', location: 'user/auth-email.php' } [] []
[2023-05-19T07:32:32.901542+02:00] chatSite.INFO: { message: '이미 존재하는 이메일입니다.', location: 'db/Database.php, signUp() 함수' } [] []
[2023-05-19T07:32:38.694619+02:00] chatSite.INFO: { message: '이미 존재하는 이메일입니다.', location: 'db/Database.php, signUp() 함수' } [] []
[2023-05-19T07:32:40.961632+02:00] chatSite.INFO: { message: '이미 존재하는 이메일입니다.', location: 'db/Database.php, signUp() 함수' } [] []
[2023-05-19T07:33:21.799714+02:00] chatSite.INFO: { message: '이미 존재하는 이메일입니다.', location: 'db/Database.php, signUp() 함수' } [] []
[2023-05-19T07:33:30.679145+02:00] chatSite.INFO: { message: '이미 존재하는 이메일입니다.', location: 'db/Database.php, signUp() 함수' } [] []
[2023-05-19T07:37:36.061024+02:00] chatSite.INFO: { code: '200', message: '이메일 전송 완료.', location: 'user/auth-email.php' } [] []
[2023-05-19T07:38:15.302471+02:00] chatSite.INFO: { message: '이미 존재하는 이메일입니다.', location: 'db/Database.php, signUp() 함수' } [] []
[2023-05-19T07:38:16.939904+02:00] chatSite.INFO: { message: '이미 존재하는 이메일입니다.', location: 'db/Database.php, signUp() 함수' } [] []
[2023-05-19T07:38:18.032736+02:00] chatSite.INFO: { message: '이미 존재하는 이메일입니다.', location: 'db/Database.php, signUp() 함수' } [] []
[2023-05-19T07:38:39.576361+02:00] chatSite.INFO: { code: '200', message: '이메일 전송 완료.', location: 'user/auth-email.php' } [] []
[2023-05-19T07:38:55.460771+02:00] chatSite.INFO: { message: '이미 존재하는 이메일입니다.', location: 'db/Database.php, signUp() 함수' } [] []
[2023-05-19T07:39:37.247929+02:00] chatSite.INFO: { code: '200', message: '이메일 전송 완료.', location: 'user/auth-email.php' } [] []
[2023-05-19T07:42:43.720617+02:00] chatSite.INFO: { code: '200', message: '이메일 전송 완료.', location: 'user/auth-email.php' } [] []
[2023-05-19T07:43:21.003806+02:00] chatSite.INFO: { message: '이미 존재하는 이메일입니다.', location: 'db/Database.php, signUp() 함수' } [] []
[2023-05-19T07:43:21.869729+02:00] chatSite.INFO: { message: '이미 존재하는 이메일입니다.', location: 'db/Database.php, signUp() 함수' } [] []
[2023-05-19T07:45:33.180151+02:00] chatSite.INFO: { code: '200', message: '이메일 전송 완료.', location: 'user/auth-email.php' } [] []
[2023-05-20T08:57:56.699322+02:00] chatSite.INFO: { message: '이름 혹은 이메일이 존재하지 않습니다.' location: 'user/auth-email.php' } [] []
[2023-05-20T08:57:57.668377+02:00] chatSite.INFO: { code: '200', message: '이메일 전송 완료.', location: 'user/auth-email.php' } [] []
[2023-05-20T11:48:30.048850+02:00] chatSite.INFO: { code: '200', message: '이메일 전송 완료.', location: 'user/auth-email.php' } [] []
[2023-05-20T12:57:45.688690+02:00] chatSite.INFO: { code: '200', message: '이메일 전송 완료.', location: 'user/auth-email.php' } [] []
[2023-05-20T13:03:02.655614+02:00] chatSite.INFO: { code: '200', message: '이메일 전송 완료.', location: 'user/auth-email.php' } [] []
[2023-05-20T13:12:24.388896+02:00] chatSite.INFO: { message: '이메일에서 받은 인증 코드와 다릅니다.', location: 'user/auth-code.php' } [] []
[2023-05-20T13:12:26.166356+02:00] chatSite.INFO: { message: '이메일에서 받은 인증 코드와 다릅니다.', location: 'user/auth-code.php' } [] []
[2023-05-20T13:14:10.042887+02:00] chatSite.INFO: { message: '이메일에서 받은 인증 코드와 다릅니다.', location: 'user/auth-code.php' } [] []
[2023-05-20T13:14:12.008281+02:00] chatSite.INFO: { message: '이메일에서 받은 인증 코드와 다릅니다.', location: 'user/auth-code.php' } [] []
[2023-05-20T13:14:15.908819+02:00] chatSite.INFO: { message: '이메일에서 받은 인증 코드와 다릅니다.', location: 'user/auth-code.php' } [] []
[2023-05-20T13:14:17.055564+02:00] chatSite.INFO: { message: '이메일에서 받은 인증 코드와 다릅니다.', location: 'user/auth-code.php' } [] []
[2023-05-20T13:14:17.842431+02:00] chatSite.INFO: { message: '이메일에서 받은 인증 코드와 다릅니다.', location: 'user/auth-code.php' } [] []
[2023-05-20T13:14:18.010476+02:00] chatSite.INFO: { message: '이메일에서 받은 인증 코드와 다릅니다.', location: 'user/auth-code.php' } [] []
[2023-05-20T13:14:19.041364+02:00] chatSite.INFO: { message: '이메일에서 받은 인증 코드와 다릅니다.', location: 'user/auth-code.php' } [] []
[2023-05-20T13:14:19.880261+02:00] chatSite.INFO: { message: '이메일에서 받은 인증 코드와 다릅니다.', location: 'user/auth-code.php' } [] []
[2023-05-20T13:14:20.036348+02:00] chatSite.INFO: { message: '이메일에서 받은 인증 코드와 다릅니다.', location: 'user/auth-code.php' } [] []
[2023-05-20T13:14:21.683586+02:00] chatSite.INFO: { message: '이메일에서 받은 인증 코드와 다릅니다.', location: 'user/auth-code.php' } [] []
[2023-05-20T13:14:21.845170+02:00] chatSite.INFO: { message: '이메일에서 받은 인증 코드와 다릅니다.', location: 'user/auth-code.php' } [] []
[2023-05-20T13:14:34.622106+02:00] chatSite.INFO: { message: '이메일에서 받은 인증 코드와 다릅니다.', location: 'user/auth-code.php' } [] []
[2023-05-20T13:14:34.798038+02:00] chatSite.INFO: { message: '이메일에서 받은 인증 코드와 다릅니다.', location: 'user/auth-code.php' } [] []
[2023-05-20T13:14:35.326865+02:00] chatSite.INFO: { message: '이메일에서 받은 인증 코드와 다릅니다.', location: 'user/auth-code.php' } [] []
[2023-05-20T13:14:35.493328+02:00] chatSite.INFO: { message: '이메일에서 받은 인증 코드와 다릅니다.', location: 'user/auth-code.php' } [] []
[2023-05-20T13:14:38.177506+02:00] chatSite.INFO: { message: '이메일에서 받은 인증 코드와 다릅니다.', location: 'user/auth-code.php' } [] []
[2023-05-20T13:14:38.338844+02:00] chatSite.INFO: { message: '이메일에서 받은 인증 코드와 다릅니다.', location: 'user/auth-code.php' } [] []
[2023-05-20T13:16:39.922956+02:00] chatSite.INFO: { message: '이메일에서 받은 인증 코드와 다릅니다.', location: 'user/auth-code.php' } [] []
[2023-05-20T13:16:42.257791+02:00] chatSite.INFO: { message: '이메일에서 받은 인증 코드와 다릅니다.', location: 'user/auth-code.php' } [] []
[2023-05-20T13:16:42.425220+02:00] chatSite.INFO: { message: '이메일에서 받은 인증 코드와 다릅니다.', location: 'user/auth-code.php' } [] []
[2023-05-20T13:16:47.049947+02:00] chatSite.INFO: { message: '이메일에서 받은 인증 코드와 다릅니다.', location: 'user/auth-code.php' } [] []
[2023-05-20T13:16:48.824802+02:00] chatSite.INFO: { message: '이메일에서 받은 인증 코드와 다릅니다.', location: 'user/auth-code.php' } [] []
[2023-05-20T13:17:02.090243+02:00] chatSite.INFO: { message: '이메일에서 받은 인증 코드와 다릅니다.', location: 'user/auth-code.php' } [] []
[2023-05-20T13:17:03.136077+02:00] chatSite.INFO: { message: '이메일에서 받은 인증 코드와 다릅니다.', location: 'user/auth-code.php' } [] []
[2023-05-20T13:18:03.249799+02:00] chatSite.INFO: { message: '이메일에서 받은 인증 코드와 다릅니다.', location: 'user/auth-code.php' } [] []
[2023-05-20T13:18:04.161266+02:00] chatSite.INFO: { message: '이메일에서 받은 인증 코드와 다릅니다.', location: 'user/auth-code.php' } [] []
[2023-05-20T13:18:11.797594+02:00] chatSite.INFO: { message: '이메일에서 받은 인증 코드와 다릅니다.', location: 'user/auth-code.php' } [] []
[2023-05-20T13:18:13.140090+02:00] chatSite.INFO: { message: '이메일에서 받은 인증 코드와 다릅니다.', location: 'user/auth-code.php' } [] []
[2023-05-20T13:18:13.296282+02:00] chatSite.INFO: { message: '이메일에서 받은 인증 코드와 다릅니다.', location: 'user/auth-code.php' } [] []
[2023-05-20T13:18:16.944714+02:00] chatSite.INFO: { message: '이메일에서 받은 인증 코드와 다릅니다.', location: 'user/auth-code.php' } [] []
[2023-05-20T13:18:17.278389+02:00] chatSite.INFO: { message: '이메일에서 받은 인증 코드와 다릅니다.', location: 'user/auth-code.php' } [] []
[2023-05-20T13:18:17.439533+02:00] chatSite.INFO: { message: '이메일에서 받은 인증 코드와 다릅니다.', location: 'user/auth-code.php' } [] []
[2023-05-20T13:18:21.297152+02:00] chatSite.INFO: { message: '이메일에서 받은 인증 코드와 다릅니다.', location: 'user/auth-code.php' } [] []
[2023-05-20T13:18:21.775987+02:00] chatSite.INFO: { message: '이메일에서 받은 인증 코드와 다릅니다.', location: 'user/auth-code.php' } [] []
[2023-05-20T13:18:21.955544+02:00] chatSite.INFO: { message: '이메일에서 받은 인증 코드와 다릅니다.', location: 'user/auth-code.php' } [] []
[2023-05-20T13:18:49.867206+02:00] chatSite.INFO: { message: '이메일에서 받은 인증 코드와 다릅니다.', location: 'user/auth-code.php' } [] []
[2023-05-20T13:18:50.523307+02:00] chatSite.INFO: { message: '이메일에서 받은 인증 코드와 다릅니다.', location: 'user/auth-code.php' } [] []
[2023-05-20T13:21:27.082748+02:00] chatSite.INFO: { message: '비밀번호 찾기 인증 성공', location: 'user/auth-code.php' } [] []
[2023-05-20T13:21:28.270526+02:00] chatSite.INFO: { message: '비밀번호 찾기 인증 성공', location: 'user/auth-code.php' } [] []
[2023-05-20T13:21:34.968727+02:00] chatSite.INFO: { message: '이메일에서 받은 인증 코드와 다릅니다.', location: 'user/auth-code.php' } [] []
[2023-05-20T13:21:39.530821+02:00] chatSite.INFO: { message: '비밀번호 찾기 인증 성공', location: 'user/auth-code.php' } [] []
[2023-05-20T13:21:44.172141+02:00] chatSite.INFO: { message: '비밀번호 찾기 인증 성공', location: 'user/auth-code.php' } [] []
[2023-05-20T13:22:36.735565+02:00] chatSite.INFO: { message: '비밀번호 찾기 인증 성공', location: 'user/auth-code.php' } [] []
[2023-05-20T13:22:52.542601+02:00] chatSite.INFO: { message: '비밀번호 찾기 인증 성공', location: 'user/auth-code.php' } [] []
[2023-05-20T13:23:29.045765+02:00] chatSite.INFO: { message: '비밀번호 찾기 인증 성공', location: 'user/auth-code.php' } [] []
[2023-05-20T13:24:06.865819+02:00] chatSite.INFO: { message: '비밀번호 찾기 인증 성공', location: 'user/auth-code.php' } [] []
[2023-05-20T18:34:51.983606+02:00] chatSite.INFO: { message: '영문, 숫자, 특수문자를 혼합하여 입력해주세요.' location: 'user/signup.php' } [] []
[2023-05-20T18:35:34.972122+02:00] chatSite.INFO: { message: '비밀번호는 영문, 숫자, 특수문자를 혼합하여 최소 10자리 ~ 최대 30자리 이내로 입력해주세요.' location: 'user/signup.php' } [] []
[2023-05-20T18:35:41.361661+02:00] chatSite.INFO: { message: '비밀번호는 영문, 숫자, 특수문자를 혼합하여 최소 10자리 ~ 최대 30자리 이내로 입력해주세요.' location: 'user/signup.php' } [] []
[2023-05-20T18:35:42.094469+02:00] chatSite.INFO: { message: '비밀번호는 영문, 숫자, 특수문자를 혼합하여 최소 10자리 ~ 최대 30자리 이내로 입력해주세요.' location: 'user/signup.php' } [] []
[2023-05-20T18:36:53.058657+02:00] chatSite.INFO: { message: '비밀번호는 영문, 숫자, 특수문자를 혼합하여 최소 10자리 ~ 최대 30자리 이내로 입력해주세요.' location: 'user/signup.php' } [] []
[2023-05-20T18:36:53.761919+02:00] chatSite.INFO: { message: '비밀번호는 영문, 숫자, 특수문자를 혼합하여 최소 10자리 ~ 최대 30자리 이내로 입력해주세요.' location: 'user/signup.php' } [] []
[2023-05-20T18:36:53.932009+02:00] chatSite.INFO: { message: '비밀번호는 영문, 숫자, 특수문자를 혼합하여 최소 10자리 ~ 최대 30자리 이내로 입력해주세요.' location: 'user/signup.php' } [] []
[2023-05-20T18:37:00.838073+02:00] chatSite.INFO: { message: '비밀번호는 영문, 숫자, 특수문자를 혼합하여 최소 10자리 ~ 최대 30자리 이내로 입력해주세요.' location: 'user/signup.php' } [] []
[2023-05-20T18:37:01.377622+02:00] chatSite.INFO: { message: '비밀번호는 영문, 숫자, 특수문자를 혼합하여 최소 10자리 ~ 최대 30자리 이내로 입력해주세요.' location: 'user/signup.php' } [] []
[2023-05-20T18:37:22.071233+02:00] chatSite.INFO: { message: '인증 코드 입력 시간이 3분 지났습니다.' location: 'user/signup.php' } [] []
[2023-05-20T18:37:23.129241+02:00] chatSite.INFO: { message: '인증 코드 입력 시간이 3분 지났습니다.' location: 'user/signup.php' } [] []
[2023-05-20T18:37:23.692150+02:00] chatSite.INFO: { message: '인증 코드 입력 시간이 3분 지났습니다.' location: 'user/signup.php' } [] []
[2023-05-20T18:37:24.257511+02:00] chatSite.INFO: { message: '인증 코드 입력 시간이 3분 지났습니다.' location: 'user/signup.php' } [] []
[2023-05-20T18:37:26.625928+02:00] chatSite.INFO: { message: '인증 코드 입력 시간이 3분 지났습니다.' location: 'user/signup.php' } [] []
[2023-05-20T18:37:27.183046+02:00] chatSite.INFO: { message: '인증 코드 입력 시간이 3분 지났습니다.' location: 'user/signup.php' } [] []
[2023-05-20T18:37:27.782468+02:00] chatSite.INFO: { message: '인증 코드 입력 시간이 3분 지났습니다.' location: 'user/signup.php' } [] []
[2023-05-20T18:37:28.668279+02:00] chatSite.INFO: { message: '인증 코드 입력 시간이 3분 지났습니다.' location: 'user/signup.php' } [] []
[2023-05-20T18:38:17.705023+02:00] chatSite.INFO: { code: '200', message: '이메일 전송 완료.', location: 'user/auth-email.php' } [] []
[2023-05-21T10:12:50.310740+02:00] chatSite.INFO: { message: '존재하지 않는 이메일입니다.', location: 'user/maintain-login.php' } [] []
[2023-05-21T10:12:52.615531+02:00] chatSite.INFO: { message: '존재하지 않는 이메일입니다.', location: 'user/maintain-login.php' } [] []
[2023-05-21T10:13:27.687601+02:00] chatSite.INFO: { message: '존재하지 않는 이메일입니다.', location: 'user/maintain-login.php' } [] []
[2023-05-21T10:13:37.824197+02:00] chatSite.INFO: { message: '이메일 쿠키 생성', location: 'user/maintain-login.php' } [] []
[2023-05-21T10:14:08.069084+02:00] chatSite.INFO: { message: 'teha009@naver.com 이메일 쿠키 생성됨', location: 'user/maintain-login.php' } [] []
[2023-05-21T10:14:09.520280+02:00] chatSite.INFO: { message: 'teha009@naver.com 이메일 쿠키 생성됨', location: 'user/maintain-login.php' } [] []
[2023-05-21T10:14:17.439647+02:00] chatSite.INFO: { message: 'teha009@naver.com 이메일 쿠키 생성됨', location: 'user/maintain-login.php' } [] []
[2023-05-21T10:15:11.269724+02:00] chatSite.INFO: { message: '존재하지 않는 이메일입니다.', location: 'user/maintain-login.php' } [] []
[2023-05-21T10:15:16.174329+02:00] chatSite.INFO: { message: '존재하지 않는 이메일입니다.', location: 'user/maintain-login.php' } [] []
[2023-05-21T10:15:23.025682+02:00] chatSite.INFO: { message: 'teha009@naver.com 이메일 쿠키 생성됨', location: 'user/maintain-login.php' } [] []
[2023-05-21T16:57:39.572944+02:00] chatSite.INFO: { message: '입력하신 이메일과 비밀번호를 다시 확인해 주세요.' SQLSTATE[42000]: Syntax error or access violation: 1064 You have an error in your SQL syntax; check the manual that corresponds to your MariaDB server version for the right syntax to use near ':email AND password = :password' at line 1, location: 'user/maintain-login.php' } [] []
[2023-05-21T16:58:08.146182+02:00] chatSite.ERROR: { message: '입력하신 이메일과 비밀번호를 다시 확인해 주세요.' SQLSTATE[42000]: Syntax error or access violation: 1064 You have an error in your SQL syntax; check the manual that corresponds to your MariaDB server version for the right syntax to use near ':email AND password = :password' at line 1, location: 'user/maintain-login.php' } [] []
[2023-05-21T16:59:06.320757+02:00] chatSite.INFO: { message: '입력하신 이메일과 비밀번호를 다시 확인해 주세요.' SQLSTATE[42000]: Syntax error or access violation: 1064 You have an error in your SQL syntax; check the manual that corresponds to your MariaDB server version for the right syntax to use near ':email AND password = :password' at line 1, location: 'user/maintain-login.php' } [] []
[2023-05-21T16:59:12.201295+02:00] chatSite.INFO: { message: '입력하신 이메일과 비밀번호를 다시 확인해 주세요.' SQLSTATE[42000]: Syntax error or access violation: 1064 You have an error in your SQL syntax; check the manual that corresponds to your MariaDB server version for the right syntax to use near ':email AND password = :password' at line 1, location: 'user/maintain-login.php' } [] []
[2023-05-21T16:59:44.393080+02:00] chatSite.INFO: { message: '입력하신 이메일과 비밀번호를 다시 확인해 주세요.' SQLSTATE[42000]: Syntax error or access violation: 1064 You have an error in your SQL syntax; check the manual that corresponds to your MariaDB server version for the right syntax to use near ':email AND password = :password' at line 1, location: 'user/maintain-login.php' } [] []
[2023-05-21T17:00:02.814062+02:00] chatSite.INFO: { message: '입력하신 이메일과 비밀번호를 다시 확인해 주세요.' SQLSTATE[42000]: Syntax error or access violation: 1064 You have an error in your SQL syntax; check the manual that corresponds to your MariaDB server version for the right syntax to use near ':email AND password = :password' at line 1, location: 'user/maintain-login.php' } [] []
[2023-05-21T17:00:21.113440+02:00] chatSite.INFO: { message: '입력하신 이메일과 비밀번호를 다시 확인해 주세요.' SQLSTATE[42000]: Syntax error or access violation: 1064 You have an error in your SQL syntax; check the manual that corresponds to your MariaDB server version for the right syntax to use near ':email AND password = :password' at line 1, location: 'user/maintain-login.php' } [] []
[2023-05-21T17:05:10.223562+02:00] chatSite.INFO: { message: '입력하신 이메일과 비밀번호를 다시 확인해 주세요.' SQLSTATE[42000]: Syntax error or access violation: 1064 You have an error in your SQL syntax; check the manual that corresponds to your MariaDB server version for the right syntax to use near ':email AND password = :password' at line 1, location: 'user/maintain-login.php' } [] []
[2023-05-21T17:05:22.813994+02:00] chatSite.INFO: { message: '입력하신 이메일과 비밀번호를 다시 확인해 주세요.' SQLSTATE[42000]: Syntax error or access violation: 1064 You have an error in your SQL syntax; check the manual that corresponds to your MariaDB server version for the right syntax to use near ':email AND password = :password' at line 1, location: 'user/maintain-login.php' } [] []
[2023-05-21T17:05:30.166244+02:00] chatSite.INFO: { message: '입력하신 이메일과 비밀번호를 다시 확인해 주세요.' SQLSTATE[42000]: Syntax error or access violation: 1064 You have an error in your SQL syntax; check the manual that corresponds to your MariaDB server version for the right syntax to use near ':email AND password = :password' at line 1, location: 'user/maintain-login.php' } [] []
[2023-05-21T17:05:47.450335+02:00] chatSite.INFO: { message: '입력하신 이메일과 비밀번호를 다시 확인해 주세요.' SQLSTATE[42000]: Syntax error or access violation: 1064 You have an error in your SQL syntax; check the manual that corresponds to your MariaDB server version for the right syntax to use near ':email AND password = :password' at line 1, location: 'user/maintain-login.php' } [] []
[2023-05-21T17:09:29.530528+02:00] chatSite.INFO: { message: '입력하신 이메일과 비밀번호를 다시 확인해 주세요.', location: 'user/maintain-login.php' } [] []
[2023-05-21T17:09:32.146820+02:00] chatSite.INFO: { message: '입력하신 이메일과 비밀번호를 다시 확인해 주세요.', location: 'user/maintain-login.php' } [] []
[2023-05-21T17:11:58.727367+02:00] chatSite.INFO: { message: '입력하신 이메일과 비밀번호를 다시 확인해 주세요.', location: 'user/maintain-login.php' } [] []
[2023-05-21T17:12:07.946341+02:00] chatSite.INFO: { message: 'teha009@naver.com 이메일 쿠키 생성됨', location: 'user/maintain-login.php' } [] []
[2023-05-21T17:12:13.193906+02:00] chatSite.INFO: { message: 'teha009@naver.com 이메일 쿠키 생성됨', location: 'user/maintain-login.php' } [] []
[2023-05-21T17:12:16.728735+02:00] chatSite.INFO: { message: '입력하신 이메일과 비밀번호를 다시 확인해 주세요.', location: 'user/maintain-login.php' } [] []
[2023-05-21T17:35:55.720330+02:00] chatSite.INFO: { code: '200', message: '이메일 전송 완료.', location: 'user/auth-email.php' } [] []
[2023-05-21T17:36:21.168515+02:00] chatSite.INFO: { message: '이미 존재하는 이메일입니다.', location: 'db/Database.php, signUp() 함수' } [] []
[2023-05-21T17:48:13.850247+02:00] chatSite.INFO: { code: '200', message: '이메일 전송 완료.', location: 'user/auth-email.php' } [] []
[2023-05-21T17:49:01.653357+02:00] chatSite.INFO: { code: '200', message: '이메일 전송 완료.', location: 'user/auth-email.php' } [] []
